frontend-flutter/build/app/intermediates/manifest_merge_blame_file/release/manifest-merger-blame-release-report.txt
1<?xml version="1.0" encoding="utf-8"?>
2<manifest xmlns:android="http://schemas.android.com/apk/res/android"
3    package="com.example.flutter_aakrit"
4    android:versionCode="1"
5    android:versionName="1.0.0" >
6
7    <uses-sdk
8        android:minSdkVersion="21"
9        android:targetSdkVersion="34" />
10
11    <uses-permission android:name="android.permission.ACCESS_FINE_LOCATION" />
11-->src\main\AndroidManifest.xml:2:5-78
11-->src\main\AndroidManifest.xml:2:22-76
12    <uses-permission android:name="android.permission.ACCESS_COARSE_LOCATION" />
12-->src\main\AndroidManifest.xml:3:5-80
12-->src\main\AndroidManifest.xml:3:22-78
13    <uses-permission android:name="android.permission.ACCESS_BACKGROUND_LOCATION" />
13-->src\main\AndroidManifest.xml:4:5-84
13-->src\main\AndroidManifest.xml:4:22-82
14    <uses-permission android:name="android.permission.INTERNET" />
14-->src\main\AndroidManifest.xml:5:5-66
14-->src\main\AndroidManifest.xml:5:22-64
15    <uses-permission android:name="android.permission.INTERNET" />
15-->src\main\AndroidManifest.xml:5:5-66
15-->src\main\AndroidManifest.xml:5:22-64
16    <uses-permission android:name="android.permission.ACCESS_NETWORK_STATE" />
16-->src\main\AndroidManifest.xml:7:1-74
16-->src\main\AndroidManifest.xml:7:18-72
17
18    <!--
19         Required to query activities that can process text, see:
20         https://developer.android.com/training/package-visibility and
21         https://developer.android.com/reference/android/content/Intent#ACTION_PROCESS_TEXT.
22
23         In particular, this is used by the Flutter engine in io.flutter.plugin.text.ProcessTextPlugin.
24    -->
25    <queries>
25-->src\main\AndroidManifest.xml:54:5-59:15
26        <intent>
26-->src\main\AndroidManifest.xml:55:9-58:18
27            <action android:name="android.intent.action.PROCESS_TEXT" />
27-->src\main\AndroidManifest.xml:56:13-72
27-->src\main\AndroidManifest.xml:56:21-70
28
29            <data android:mimeType="text/plain" />
29-->src\main\AndroidManifest.xml:57:13-50
29-->src\main\AndroidManifest.xml:57:19-48
30        </intent>
31        <intent>
31-->[com.razorpay:standard-core:1.6.51] AndroidManifest.xml:11:9-17:18
32            <action android:name="android.intent.action.VIEW" />
32-->[com.razorpay:standard-core:1.6.51] AndroidManifest.xml:12:13-65
32-->[com.razorpay:standard-core:1.6.51] AndroidManifest.xml:12:21-62
33
34            <data
34-->src\main\AndroidManifest.xml:57:13-50
35                android:mimeType="*/*"
35-->src\main\AndroidManifest.xml:57:19-48
36                android:scheme="*" />
37        </intent>
38        <intent>
38-->[com.razorpay:standard-core:1.6.51] AndroidManifest.xml:18:9-27:18
39            <action android:name="android.intent.action.VIEW" />
39-->[com.razorpay:standard-core:1.6.51] AndroidManifest.xml:12:13-65
39-->[com.razorpay:standard-core:1.6.51] AndroidManifest.xml:12:21-62
40
41            <category android:name="android.intent.category.BROWSABLE" />
41-->[com.razorpay:standard-core:1.6.51] AndroidManifest.xml:21:13-74
41-->[com.razorpay:standard-core:1.6.51] AndroidManifest.xml:21:23-71
42
43            <data
43-->src\main\AndroidManifest.xml:57:13-50
44                android:host="pay"
45                android:mimeType="*/*"
45-->src\main\AndroidManifest.xml:57:19-48
46                android:scheme="upi" />
47        </intent>
48        <intent>
48-->[com.razorpay:standard-core:1.6.51] AndroidManifest.xml:28:9-30:18
49            <action android:name="android.intent.action.MAIN" />
49-->src\main\AndroidManifest.xml:37:17-68
49-->src\main\AndroidManifest.xml:37:25-66
50        </intent>
51        <intent>
51-->[com.razorpay:standard-core:1.6.51] AndroidManifest.xml:31:9-35:18
52            <action android:name="android.intent.action.SEND" />
52-->[com.razorpay:standard-core:1.6.51] AndroidManifest.xml:32:13-65
52-->[com.razorpay:standard-core:1.6.51] AndroidManifest.xml:32:21-62
53
54            <data android:mimeType="*/*" />
54-->src\main\AndroidManifest.xml:57:13-50
54-->src\main\AndroidManifest.xml:57:19-48
55        </intent>
56        <intent>
56-->[com.razorpay:standard-core:1.6.51] AndroidManifest.xml:36:9-38:18
57            <action android:name="rzp.device_token.share" />
57-->[com.razorpay:standard-core:1.6.51] AndroidManifest.xml:37:13-61
57-->[com.razorpay:standard-core:1.6.51] AndroidManifest.xml:37:21-58
58        </intent>
59    </queries>
60
61    <uses-feature
61-->[com.google.android.gms:play-services-maps:17.0.0] AndroidManifest.xml:26:5-28:35
62        android:glEsVersion="0x00020000"
62-->[com.google.android.gms:play-services-maps:17.0.0] AndroidManifest.xml:27:9-41
63        android:required="true" />
63-->[com.google.android.gms:play-services-maps:17.0.0] AndroidManifest.xml:28:9-32
64
65    <permission
65-->[androidx.core:core:1.13.1] AndroidManifest.xml:22:5-24:47
66        android:name="com.example.flutter_aakrit.DYNAMIC_RECEIVER_NOT_EXPORTED_PERMISSION"
66-->[androidx.core:core:1.13.1] AndroidManifest.xml:23:9-81
67        android:protectionLevel="signature" />
67-->[androidx.core:core:1.13.1] AndroidManifest.xml:24:9-44
68
69    <uses-permission android:name="com.example.flutter_aakrit.DYNAMIC_RECEIVER_NOT_EXPORTED_PERMISSION" />
69-->[androidx.core:core:1.13.1] AndroidManifest.xml:26:5-97
69-->[androidx.core:core:1.13.1] AndroidManifest.xml:26:22-94
70
71    <application
72        android:name="android.app.Application"
72-->src\main\AndroidManifest.xml:10:9-42
73        android:appComponentFactory="androidx.core.app.CoreComponentFactory"
73-->[androidx.core:core:1.13.1] AndroidManifest.xml:28:18-86
74        android:extractNativeLibs="true"
75        android:icon="@mipmap/ic_launcher"
75-->src\main\AndroidManifest.xml:11:9-43
76        android:label="flutter_aakrit" >
76-->src\main\AndroidManifest.xml:9:9-39
77        <activity
77-->src\main\AndroidManifest.xml:13:9-40:20
78            android:name="com.example.flutter_aakrit.MainActivity"
78-->src\main\AndroidManifest.xml:14:13-41
79            android:configChanges="orientation|keyboardHidden|keyboard|screenSize|smallestScreenSize|locale|layoutDirection|fontScale|screenLayout|density|uiMode"
79-->src\main\AndroidManifest.xml:19:13-163
80            android:exported="true"
80-->src\main\AndroidManifest.xml:15:13-36
81            android:hardwareAccelerated="true"
81-->src\main\AndroidManifest.xml:20:13-47
82            android:launchMode="singleTop"
82-->src\main\AndroidManifest.xml:16:13-43
83            android:taskAffinity=""
83-->src\main\AndroidManifest.xml:17:13-36
84            android:theme="@style/LaunchTheme"
84-->src\main\AndroidManifest.xml:18:13-47
85            android:windowSoftInputMode="adjustResize" >
85-->src\main\AndroidManifest.xml:21:13-55
86
87            <!--
88                 Specifies an Android theme to apply to this Activity as soon as
89                 the Android process has started. This theme is visible to the user
90                 while the Flutter UI initializes. After that, this theme continues
91                 to determine the Window background behind the Flutter UI.
92            -->
93            <meta-data
93-->src\main\AndroidManifest.xml:27:13-29:57
94                android:name="io.flutter.embedding.android.NormalTheme"
94-->src\main\AndroidManifest.xml:28:17-72
95                android:resource="@style/NormalTheme" />
95-->src\main\AndroidManifest.xml:29:17-54
96
97            <!-- Add the meta-data for Google Sign-In -->
98            <meta-data
98-->src\main\AndroidManifest.xml:32:13-34:65
99                android:name="com.google.android.gms.auth.api.signin.CLIENT_ID"
99-->src\main\AndroidManifest.xml:33:17-80
100                android:value="@string/default_web_client_id" />
100-->src\main\AndroidManifest.xml:34:17-62
101
102            <intent-filter>
102-->src\main\AndroidManifest.xml:36:13-39:29
103                <action android:name="android.intent.action.MAIN" />
103-->src\main\AndroidManifest.xml:37:17-68
103-->src\main\AndroidManifest.xml:37:25-66
104
105                <category android:name="android.intent.category.LAUNCHER" />
105-->src\main\AndroidManifest.xml:38:17-76
105-->src\main\AndroidManifest.xml:38:27-74
106            </intent-filter>
107        </activity>
108
109        <!--
110             Don't delete the meta-data below.
111             This is used by the Flutter tool to generate GeneratedPluginRegistrant.java
112        -->
113        <meta-data
113-->src\main\AndroidManifest.xml:44:9-46:33
114            android:name="flutterEmbedding"
114-->src\main\AndroidManifest.xml:45:13-44
115            android:value="2" />
115-->src\main\AndroidManifest.xml:46:13-30
116
117        <service
117-->[:geolocator_android] AndroidManifest.xml:8:9-12:56
118            android:name="com.baseflow.geolocator.GeolocatorLocationService"
118-->[:geolocator_android] AndroidManifest.xml:9:13-77
119            android:enabled="true"
119-->[:geolocator_android] AndroidManifest.xml:10:13-35
120            android:exported="false"
120-->[:geolocator_android] AndroidManifest.xml:11:13-37
121            android:foregroundServiceType="location" />
121-->[:geolocator_android] AndroidManifest.xml:12:13-53
122
123        <uses-library
123-->[androidx.window:window:1.2.0] AndroidManifest.xml:23:9-25:40
124            android:name="androidx.window.extensions"
124-->[androidx.window:window:1.2.0] AndroidManifest.xml:24:13-54
125            android:required="false" />
125-->[androidx.window:window:1.2.0] AndroidManifest.xml:25:13-37
126        <uses-library
126-->[androidx.window:window:1.2.0] AndroidManifest.xml:26:9-28:40
127            android:name="androidx.window.sidecar"
127-->[androidx.window:window:1.2.0] AndroidManifest.xml:27:13-51
128            android:required="false" />
128-->[androidx.window:window:1.2.0] AndroidManifest.xml:28:13-37
129
130        <activity
130-->[com.razorpay:standard-core:1.6.51] AndroidManifest.xml:42:9-50:20
131            android:name="com.razorpay.CheckoutActivity"
131-->[com.razorpay:standard-core:1.6.51] AndroidManifest.xml:43:13-57
132            android:configChanges="keyboard|keyboardHidden|orientation|screenSize"
132-->[com.razorpay:standard-core:1.6.51] AndroidManifest.xml:44:13-83
133            android:exported="false"
133-->[com.razorpay:standard-core:1.6.51] AndroidManifest.xml:45:13-37
134            android:theme="@style/CheckoutTheme" >
134-->[com.razorpay:standard-core:1.6.51] AndroidManifest.xml:46:13-49
135            <intent-filter>
135-->[com.razorpay:standard-core:1.6.51] AndroidManifest.xml:47:13-49:29
136                <action android:name="android.intent.action.MAIN" />
136-->src\main\AndroidManifest.xml:37:17-68
136-->src\main\AndroidManifest.xml:37:25-66
137            </intent-filter>
138        </activity>
139
140        <provider
140-->[com.razorpay:standard-core:1.6.51] AndroidManifest.xml:52:9-60:20
141            android:name="androidx.startup.InitializationProvider"
141-->[com.razorpay:standard-core:1.6.51] AndroidManifest.xml:53:13-67
142            android:authorities="com.example.flutter_aakrit.androidx-startup"
142-->[com.razorpay:standard-core:1.6.51] AndroidManifest.xml:54:13-68
143            android:exported="false" >
143-->[com.razorpay:standard-core:1.6.51] AndroidManifest.xml:55:13-37
144            <meta-data
144-->[com.razorpay:standard-core:1.6.51] AndroidManifest.xml:57:13-59:52
145                android:name="com.razorpay.RazorpayInitializer"
145-->[com.razorpay:standard-core:1.6.51] AndroidManifest.xml:58:17-64
146                android:value="androidx.startup" />
146-->[com.razorpay:standard-core:1.6.51] AndroidManifest.xml:59:17-49
147            <meta-data
147-->[androidx.lifecycle:lifecycle-process:2.7.0] AndroidManifest.xml:29:13-31:52
148                android:name="androidx.lifecycle.ProcessLifecycleInitializer"
148-->[androidx.lifecycle:lifecycle-process:2.7.0] AndroidManifest.xml:30:17-78
149                android:value="androidx.startup" />
149-->[androidx.lifecycle:lifecycle-process:2.7.0] AndroidManifest.xml:31:17-49
150            <meta-data
150-->[androidx.profileinstaller:profileinstaller:1.3.1] AndroidManifest.xml:29:13-31:52
151                android:name="androidx.profileinstaller.ProfileInstallerInitializer"
151-->[androidx.profileinstaller:profileinstaller:1.3.1] AndroidManifest.xml:30:17-85
152                android:value="androidx.startup" />
152-->[androidx.profileinstaller:profileinstaller:1.3.1] AndroidManifest.xml:31:17-49
153        </provider>
154
155        <activity
155-->[com.razorpay:standard-core:1.6.51] AndroidManifest.xml:62:9-65:75
156            android:name="com.razorpay.MagicXActivity"
156-->[com.razorpay:standard-core:1.6.51] AndroidManifest.xml:63:13-55
157            android:exported="false"
157-->[com.razorpay:standard-core:1.6.51] AndroidManifest.xml:64:13-37
158            android:theme="@android:style/Theme.Translucent.NoTitleBar" />
158-->[com.razorpay:standard-core:1.6.51] AndroidManifest.xml:65:13-72
159
160        <meta-data
160-->[com.razorpay:standard-core:1.6.51] AndroidManifest.xml:67:9-69:58
161            android:name="com.razorpay.plugin.googlepay_all"
161-->[com.razorpay:standard-core:1.6.51] AndroidManifest.xml:68:13-61
162            android:value="com.razorpay.RzpGpayMerged" />
162-->[com.razorpay:standard-core:1.6.51] AndroidManifest.xml:69:13-55
163
164        <activity
164-->[com.google.android.gms:play-services-auth:21.1.0] AndroidManifest.xml:23:9-27:75
165            android:name="com.google.android.gms.auth.api.signin.internal.SignInHubActivity"
165-->[com.google.android.gms:play-services-auth:21.1.0] AndroidManifest.xml:24:13-93
166            android:excludeFromRecents="true"
166-->[com.google.android.gms:play-services-auth:21.1.0] AndroidManifest.xml:25:13-46
167            android:exported="false"
167-->[com.google.android.gms:play-services-auth:21.1.0] AndroidManifest.xml:26:13-37
168            android:theme="@android:style/Theme.Translucent.NoTitleBar" />
168-->[com.google.android.gms:play-services-auth:21.1.0] AndroidManifest.xml:27:13-72
169        <!--
170            Service handling Google Sign-In user revocation. For apps that do not integrate with
171            Google Sign-In, this service will never be started.
172        -->
173        <service
173-->[com.google.android.gms:play-services-auth:21.1.0] AndroidManifest.xml:33:9-37:51
174            android:name="com.google.android.gms.auth.api.signin.RevocationBoundService"
174-->[com.google.android.gms:play-services-auth:21.1.0] AndroidManifest.xml:34:13-89
175            android:exported="true"
175-->[com.google.android.gms:play-services-auth:21.1.0] AndroidManifest.xml:35:13-36
176            android:permission="com.google.android.gms.auth.api.signin.permission.REVOCATION_NOTIFICATION"
176-->[com.google.android.gms:play-services-auth:21.1.0] AndroidManifest.xml:36:13-107
177            android:visibleToInstantApps="true" /> <!-- Needs to be explicitly declared on P+ -->
177-->[com.google.android.gms:play-services-auth:21.1.0] AndroidManifest.xml:37:13-48
178        <uses-library
178-->[com.google.android.gms:play-services-maps:17.0.0] AndroidManifest.xml:33:9-35:40
179            android:name="org.apache.http.legacy"
179-->[com.google.android.gms:play-services-maps:17.0.0] AndroidManifest.xml:34:13-50
180            android:required="false" />
180-->[com.google.android.gms:play-services-maps:17.0.0] AndroidManifest.xml:35:13-37
181
182        <activity
182-->[com.google.android.gms:play-services-base:18.3.0] AndroidManifest.xml:20:9-22:45
183            android:name="com.google.android.gms.common.api.GoogleApiActivity"
183-->[com.google.android.gms:play-services-base:18.3.0] AndroidManifest.xml:20:19-85
184            android:exported="false"
184-->[com.google.android.gms:play-services-base:18.3.0] AndroidManifest.xml:22:19-43
185            android:theme="@android:style/Theme.Translucent.NoTitleBar" />
185-->[com.google.android.gms:play-services-base:18.3.0] AndroidManifest.xml:21:19-78
186
187        <meta-data
187-->[com.google.android.gms:play-services-basement:18.3.0] AndroidManifest.xml:21:9-23:69
188            android:name="com.google.android.gms.version"
188-->[com.google.android.gms:play-services-basement:18.3.0] AndroidManifest.xml:22:13-58
189            android:value="@integer/google_play_services_version" />
189-->[com.google.android.gms:play-services-basement:18.3.0] AndroidManifest.xml:23:13-66
190
191        <receiver
191-->[androidx.profileinstaller:profileinstaller:1.3.1] AndroidManifest.xml:34:9-52:20
192            android:name="androidx.profileinstaller.ProfileInstallReceiver"
192-->[androidx.profileinstaller:profileinstaller:1.3.1] AndroidManifest.xml:35:13-76
193            android:directBootAware="false"
193-->[androidx.profileinstaller:profileinstaller:1.3.1] AndroidManifest.xml:36:13-44
194            android:enabled="true"
194-->[androidx.profileinstaller:profileinstaller:1.3.1] AndroidManifest.xml:37:13-35
195            android:exported="true"
195-->[androidx.profileinstaller:profileinstaller:1.3.1] AndroidManifest.xml:38:13-36
196            android:permission="android.permission.DUMP" >
196-->[androidx.profileinstaller:profileinstaller:1.3.1] AndroidManifest.xml:39:13-57
197            <intent-filter>
197-->[androidx.profileinstaller:profileinstaller:1.3.1] AndroidManifest.xml:40:13-42:29
198                <action android:name="androidx.profileinstaller.action.INSTALL_PROFILE" />
198-->[androidx.profileinstaller:profileinstaller:1.3.1] AndroidManifest.xml:41:17-91
198-->[androidx.profileinstaller:profileinstaller:1.3.1] AndroidManifest.xml:41:25-88
199            </intent-filter>
200            <intent-filter>
200-->[androidx.profileinstaller:profileinstaller:1.3.1] AndroidManifest.xml:43:13-45:29
201                <action android:name="androidx.profileinstaller.action.SKIP_FILE" />
201-->[androidx.profileinstaller:profileinstaller:1.3.1] AndroidManifest.xml:44:17-85
201-->[androidx.profileinstaller:profileinstaller:1.3.1] AndroidManifest.xml:44:25-82
202            </intent-filter>
203            <intent-filter>
203-->[androidx.profileinstaller:profileinstaller:1.3.1] AndroidManifest.xml:46:13-48:29
204                <action android:name="androidx.profileinstaller.action.SAVE_PROFILE" />
204-->[androidx.profileinstaller:profileinstaller:1.3.1] AndroidManifest.xml:47:17-88
204-->[androidx.profileinstaller:profileinstaller:1.3.1] AndroidManifest.xml:47:25-85
205            </intent-filter>
206            <intent-filter>
206-->[androidx.profileinstaller:profileinstaller:1.3.1] AndroidManifest.xml:49:13-51:29
207                <action android:name="androidx.profileinstaller.action.BENCHMARK_OPERATION" />
207-->[androidx.profileinstaller:profileinstaller:1.3.1] AndroidManifest.xml:50:17-95
207-->[androidx.profileinstaller:profileinstaller:1.3.1] AndroidManifest.xml:50:25-92
208            </intent-filter>
209        </receiver>
210    </application>
211
212</manifest>